D:\DEV\WHITEBOARDPHOTOCONVERTER\WPCLIB\RELEASE\WHITEBOARDPHOTOCONVERTER.OBJ
D:\DEV\WHITEBOARDPHOTOCONVERTER\WPCLIB\RELEASE\STRINGUTILS.OBJ
D:\DEV\WHITEBOARDPHOTOCONVERTER\WPCLIB\RELEASE\SHAPERECOGNIZER.OBJ
D:\DEV\WHITEBOARDPHOTOCONVERTER\WPCLIB\RELEASE\SHAPEMATCHER.OBJ
D:\DEV\WHITEBOARDPHOTOCONVERTER\WPCLIB\RELEASE\QUICKUNION.OBJ
D:\DEV\WHITEBOARDPHOTOCONVERTER\WPCLIB\RELEASE\LINERECOGNIZER.OBJ
D:\DEV\WHITEBOARDPHOTOCONVERTER\WPCLIB\RELEASE\IMAGEBINARIZATION.OBJ
D:\DEV\WHITEBOARDPHOTOCONVERTER\WPCLIB\RELEASE\FREEIMAGEUTILS.OBJ
D:\DEV\WHITEBOARDPHOTOCONVERTER\WPCLIB\RELEASE\DEBUGGER.OBJ
D:\DEV\WHITEBOARDPHOTOCONVERTER\WPCLIB\RELEASE\CONTOUR.OBJ
D:\DEV\WHITEBOARDPHOTOCONVERTER\WPCLIB\RELEASE\CHUNK.OBJ
D:\DEV\WHITEBOARDPHOTOCONVERTER\WPCLIB\RELEASE\BMPTOVGCONVERTER.OBJ
D:\DEV\WHITEBOARDPHOTOCONVERTER\WPCLIB\RELEASE\BINARYBITMAP.OBJ
D:\DEV\WHITEBOARDPHOTOCONVERTER\WPCLIB\RELEASE\VC110.PDB
D:\DEV\WHITEBOARDPHOTOCONVERTER\WPCLIB\RELEASE\TOPOLOGY.OBJ
D:\DEV\WHITEBOARDPHOTOCONVERTER\WPCLIB\RELEASE\RECT.OBJ
D:\DEV\WHITEBOARDPHOTOCONVERTER\WPCLIB\RELEASE\LINES.OBJ
D:\DEV\WHITEBOARDPHOTOCONVERTER\WPCLIB\RELEASE\CHART.OBJ
D:\DEV\WHITEBOARDPHOTOCONVERTER\WPCLIB\RELEASE\TOPOLOGYRECOGNIZER.OBJ
D:\DEV\WHITEBOARDPHOTOCONVERTER\WPCLIB\RELEASE\SHAPES.OBJ
D:\DEV\WHITEBOARDPHOTOCONVERTER\WPCLIB\RELEASE\POINT.OBJ
D:\DEV\WHITEBOARDPHOTOCONVERTER\WPCLIB\RELEASE\CHARTEXPORTER.OBJ
D:\DEV\WHITEBOARDPHOTOCONVERTER\WPCLIB\RELEASE\TEXTRECOGNIZER.OBJ
D:\DEV\WHITEBOARDPHOTOCONVERTER\RELEASE\WPCLIB.LIB
D:\dev\WhiteboardPhotoConverter\WPCLib\Release\BinaryBitmap.obj
D:\dev\WhiteboardPhotoConverter\WPCLib\Release\BMPtoVGConverter.obj
D:\dev\WhiteboardPhotoConverter\WPCLib\Release\Chart.obj
D:\dev\WhiteboardPhotoConverter\WPCLib\Release\ChartExporter.obj
D:\dev\WhiteboardPhotoConverter\WPCLib\Release\Chunk.obj
D:\dev\WhiteboardPhotoConverter\WPCLib\Release\Contour.obj
D:\dev\WhiteboardPhotoConverter\WPCLib\Release\Debugger.obj
D:\dev\WhiteboardPhotoConverter\WPCLib\Release\FreeImageUtils.obj
D:\dev\WhiteboardPhotoConverter\WPCLib\Release\ImageBinarization.obj
D:\dev\WhiteboardPhotoConverter\WPCLib\Release\LineRecognizer.obj
D:\dev\WhiteboardPhotoConverter\WPCLib\Release\Lines.obj
D:\dev\WhiteboardPhotoConverter\WPCLib\Release\Point.obj
D:\dev\WhiteboardPhotoConverter\WPCLib\Release\QuickUnion.obj
D:\dev\WhiteboardPhotoConverter\WPCLib\Release\Rect.obj
D:\dev\WhiteboardPhotoConverter\WPCLib\Release\ShapeMatcher.obj
D:\dev\WhiteboardPhotoConverter\WPCLib\Release\ShapeRecognizer.obj
D:\dev\WhiteboardPhotoConverter\WPCLib\Release\Shapes.obj
D:\dev\WhiteboardPhotoConverter\WPCLib\Release\StringUtils.obj
D:\dev\WhiteboardPhotoConverter\WPCLib\Release\TextRecognizer.obj
D:\dev\WhiteboardPhotoConverter\WPCLib\Release\Topology.obj
D:\dev\WhiteboardPhotoConverter\WPCLib\Release\TopologyRecognizer.obj
D:\dev\WhiteboardPhotoConverter\WPCLib\Release\WhiteboardPhotoConverter.obj
D:\dev\WhiteboardPhotoConverter\WPCLib\Release\cl.command.1.tlog
D:\dev\WhiteboardPhotoConverter\WPCLib\Release\CL.read.1.tlog
D:\dev\WhiteboardPhotoConverter\WPCLib\Release\CL.write.1.tlog
D:\dev\WhiteboardPhotoConverter\WPCLib\Release\Lib-link.read.1.tlog
D:\dev\WhiteboardPhotoConverter\WPCLib\Release\Lib-link.write.1.tlog
D:\dev\WhiteboardPhotoConverter\WPCLib\Release\lib.command.1.tlog
D:\dev\WhiteboardPhotoConverter\WPCLib\Release\vc110.pdb
D:\dev\WhiteboardPhotoConverter\Release\WPCLib.lib
